2017-05-03 21:23:28 INFO org.springframework.web.context.ContextLoader:305 - Root WebApplicationContext: initialization started
2017-05-03 21:23:28 INFO org.springframework.web.context.support.XmlWebApplicationContext:578 - Refreshing Root WebApplicationContext: startup date [Wed May 03 21:23:28 CST 2017]; root of context hierarchy
2017-05-03 21:23:29 INFO org.springframework.web.context.ContextLoader:345 - Root WebApplicationContext: initialization completed in 662 ms
2017-05-03 21:23:29 INFO org.springframework.web.servlet.DispatcherServlet:488 - FrameworkServlet 'springServlet': initialization started
2017-05-03 21:23:29 INFO org.springframework.web.context.support.XmlWebApplicationContext:578 - Refreshing WebApplicationContext for namespace 'springServlet-servlet': startup date [Wed May 03 21:23:29 CST 2017]; parent: Root WebApplicationContext
2017-05-03 21:23:29 INFO org.springframework.beans.factory.xml.XmlBeanDefinitionReader:317 - Loading XML bean definitions from class path resource [spring/servlet-context.xml]
2017-05-03 21:23:30 INFO org.springframework.web.servlet.view.velocity.VelocityConfigurer:221 - Loading Velocity config from [class path resource [properties/velocity.properties]]
2017-05-03 21:23:30 INFO org.springframework.web.servlet.view.velocity.VelocityConfigurer:140 - ClasspathResourceLoader with name 'springMacro' added to configured VelocityEngine
2017-05-03 21:23:31 INFO org.springframework.web.servlet.handler.SimpleUrlHandlerMapping:341 - Mapped URL path [/redirect] onto handler of type [class org.springframework.web.servlet.mvc.ParameterizableViewController]
2017-05-03 21:23:31 INFO org.springframework.web.servlet.handler.SimpleUrlHandlerMapping:341 - Mapped URL path [/status] onto handler of type [class org.springframework.web.servlet.mvc.ParameterizableViewController]
2017-05-03 21:23:31 INFO org.springframework.web.servlet.handler.SimpleUrlHandlerMapping:341 - Mapped URL path [/error/**] onto handler of type [class org.springframework.web.servlet.mvc.ParameterizableViewController]
2017-05-03 21:23:31 INFO org.springframework.web.servlet.handler.SimpleUrlHandlerMapping:341 - Mapped URL path [/**] onto handler 'org.springframework.web.servlet.resource.DefaultServletHttpRequestHandler#0'
2017-05-03 21:23:31 INFO org.springframework.web.servlet.handler.SimpleUrlHandlerMapping:341 - Mapped URL path [/favicon.ico] onto handler 'org.springframework.web.servlet.resource.ResourceHttpRequestHandler#0'
2017-05-03 21:23:31 INFO org.springframework.web.servlet.handler.SimpleUrlHandlerMapping:341 - Mapped URL path [/static/**] onto handler 'org.springframework.web.servlet.resource.ResourceHttpRequestHandler#1'
2017-05-03 21:23:31 INFO org.springframework.web.servlet.mvc.method.annotation.RequestMappingHandlerMapping:534 - Mapped "{[/index]}" onto public java.lang.String com.baomidou.kisso.my.controller.IndexController.index(org.springframework.ui.Model)
2017-05-03 21:23:31 INFO org.springframework.web.servlet.mvc.method.annotation.RequestMappingHandlerMapping:534 - Mapped "{[/logout]}" onto public java.lang.String com.baomidou.kisso.my.controller.LogoutController.logout()
2017-05-03 21:23:31 INFO org.springframework.web.servlet.mvc.method.annotation.RequestMappingHandlerMapping:534 - Mapped "{[/logmy]}" onto public java.lang.String com.baomidou.kisso.my.controller.LogoutController.logmy()
2017-05-03 21:23:31 INFO org.springframework.web.servlet.mvc.method.annotation.RequestMappingHandlerMapping:534 - Mapped "{[/oklogin]}" onto public void com.baomidou.kisso.my.controller.OkLoginController.oklogin()
2017-05-03 21:23:31 INFO org.springframework.web.servlet.mvc.method.annotation.RequestMappingHandlerMapping:534 - Mapped "{[/proxylogin]}" onto public java.lang.String com.baomidou.kisso.my.controller.ProxyLoginController.proxylogin(org.springframework.ui.Model)
2017-05-03 21:23:31 INFO org.springframework.web.servlet.mvc.method.annotation.RequestMappingHandlerMapping:534 - Mapped "{[/timeout]}" onto public java.lang.String com.baomidou.kisso.my.controller.TimeoutController.timeout()
2017-05-03 21:23:31 INFO org.springframework.web.servlet.mvc.method.annotation.RequestMappingHandlerAdapter:532 - Looking for @ControllerAdvice: WebApplicationContext for namespace 'springServlet-servlet': startup date [Wed May 03 21:23:29 CST 2017]; parent: Root WebApplicationContext
2017-05-03 21:23:31 INFO org.springframework.web.servlet.mvc.method.annotation.RequestMappingHandlerAdapter:532 - Looking for @ControllerAdvice: WebApplicationContext for namespace 'springServlet-servlet': startup date [Wed May 03 21:23:29 CST 2017]; parent: Root WebApplicationContext
2017-05-03 21:23:32 INFO org.springframework.web.servlet.DispatcherServlet:507 - FrameworkServlet 'springServlet': initialization completed in 2753 ms
